[0525/170146.692:ERROR:process_reader_win.cc(151)] SuspendThread: Access is denied. (0x5)
[0525/170146.686:ERROR:process_reader_win.cc(151)] SuspendThread: Access is denied. (0x5)
[0525/170146.702:ERROR:process_reader_win.cc(123)] NtOpenThread: {Access Denied} A process has requested access to an object, but has not been granted those access rights. (0xc0000022)
[0525/170146.709:ERROR:exception_snapshot_win.cc(98)] thread ID 21620 not found in process
[0525/170146.701:ERROR:process_reader_win.cc(123)] NtOpenThread: {Access Denied} A process has requested access to an object, but has not been granted those access rights. (0xc0000022)
[0525/170146.711:ERROR:exception_snapshot_win.cc(98)] thread ID 22772 not found in process
[0525/170146.711:ERROR:process_reader_win.cc(151)] SuspendThread: Access is denied. (0x5)
[0525/170146.715:ERROR:process_reader_win.cc(151)] SuspendThread: Access is denied. (0x5)
[0525/170146.715:ERROR:process_reader_win.cc(151)] SuspendThread: Access is denied. (0x5)
[0525/170146.716:ERROR:process_reader_win.cc(151)] SuspendThread: Access is denied. (0x5)
[0525/170146.716:ERROR:process_reader_win.cc(123)] NtOpenThread: {Access Denied} A process has requested access to an object, but has not been granted those access rights. (0xc0000022)
[0525/170146.716:ERROR:exception_snapshot_win.cc(98)] thread ID 16056 not found in process
[0525/170146.716:ERROR:process_reader_win.cc(151)] SuspendThread: Access is denied. (0x5)
[0525/170146.719:ERROR:process_reader_win.cc(151)] SuspendThread: Access is denied. (0x5)
[0525/170146.719:ERROR:process_reader_win.cc(151)] SuspendThread: Access is denied. (0x5)
[0525/170146.719:ERROR:process_reader_win.cc(151)] SuspendThread: Access is denied. (0x5)
[0525/170146.719:ERROR:process_reader_win.cc(151)] SuspendThread: Access is denied. (0x5)
[0525/170146.720:ERROR:process_reader_win.cc(123)] NtOpenThread: {Access Denied} A process has requested access to an object, but has not been granted those access rights. (0xc0000022)
[0525/170146.720:ERROR:exception_snapshot_win.cc(98)] thread ID 23256 not found in process
[0525/170146.794:ERROR:process_reader_win.cc(151)] SuspendThread: Access is denied. (0x5)
[0525/170146.794:ERROR:process_reader_win.cc(123)] NtOpenThread: {Access Denied} A process has requested access to an object, but has not been granted those access rights. (0xc0000022)
[0525/170146.794:ERROR:exception_snapshot_win.cc(98)] thread ID 22880 not found in process
[0603/223740.102:ERROR:process_info.cc(359)] UncheckedAllocate
[0603/224352.977:ERROR:process_info.cc(359)] UncheckedAllocate
[0603/224454.406:ERROR:process_reader_win.cc(151)] SuspendThread: Access is denied. (0x5)
[0603/224454.407:ERROR:process_reader_win.cc(151)] SuspendThread: Access is denied. (0x5)
[0603/224454.407:ERROR:process_reader_win.cc(151)] SuspendThread: Access is denied. (0x5)
[0603/224454.407:ERROR:process_reader_win.cc(151)] SuspendThread: Access is denied. (0x5)
[0603/224454.407:ERROR:process_reader_win.cc(151)] SuspendThread: Access is denied. (0x5)
[0603/224454.407:ERROR:process_reader_win.cc(151)] SuspendThread: Access is denied. (0x5)
[0603/224454.407:ERROR:process_reader_win.cc(151)] SuspendThread: Access is denied. (0x5)
[0603/224454.407:ERROR:process_reader_win.cc(123)] NtOpenThread: An invalid Client ID was specified. (0xc000000b)
[0603/224454.408:ERROR:process_reader_win.cc(151)] SuspendThread: Access is denied. (0x5)
[0603/224454.408:ERROR:process_reader_win.cc(123)] NtOpenThread: An invalid Client ID was specified. (0xc000000b)
[0603/224454.408:ERROR:process_reader_win.cc(123)] NtOpenThread: An invalid Client ID was specified. (0xc000000b)
[0603/224454.408:ERROR:process_reader_win.cc(123)] NtOpenThread: An invalid Client ID was specified. (0xc000000b)
[0603/224454.408:ERROR:process_reader_win.cc(123)] NtOpenThread: An invalid Client ID was specified. (0xc000000b)
[0603/224454.408:ERROR:process_reader_win.cc(123)] NtOpenThread: An invalid Client ID was specified. (0xc000000b)
[0603/224454.408:ERROR:process_reader_win.cc(123)] NtOpenThread: An invalid Client ID was specified. (0xc000000b)
[0603/224454.408:ERROR:process_reader_win.cc(123)] NtOpenThread: An invalid Client ID was specified. (0xc000000b)
[0603/224454.408:ERROR:process_reader_win.cc(123)] NtOpenThread: An invalid Client ID was specified. (0xc000000b)
[0603/224454.408:ERROR:process_reader_win.cc(123)] NtOpenThread: An invalid Client ID was specified. (0xc000000b)
[0603/224454.408:ERROR:process_reader_win.cc(123)] NtOpenThread: An invalid Client ID was specified. (0xc000000b)
[0603/224454.408:ERROR:process_reader_win.cc(123)] NtOpenThread: An invalid Client ID was specified. (0xc000000b)
[0603/224454.408:ERROR:process_reader_win.cc(123)] NtOpenThread: An invalid Client ID was specified. (0xc000000b)
[0603/224454.408:ERROR:process_reader_win.cc(123)] NtOpenThread: An invalid Client ID was specified. (0xc000000b)
[0603/224454.408:ERROR:exception_snapshot_win.cc(98)] thread ID 664 not found in process
[0603/224454.409:ERROR:scoped_process_suspend.cc(40)] NtResumeProcess: An attempt was made to access an exiting process. (0xc000010a)
[0604/140832.746:ERROR:process_info.cc(359)] UncheckedAllocate
[0604/144026.206:ERROR:process_info.cc(359)] UncheckedAllocate
[0604/144032.364:ERROR:process_info.cc(359)] UncheckedAllocate
[0612/102720.776:ERROR:process_info.cc(329)] VirtualQueryEx: Access is denied. (0x5)
[0612/102720.778:ERROR:process_info.cc(556)] ReadMemoryInfo failed
[0612/102720.778:ERROR:scoped_process_suspend.cc(40)] NtResumeProcess: An attempt was made to access an exiting process. (0xc000010a)
[0612/103534.855:ERROR:process_reader_win.cc(123)] NtOpenThread: {Access Denied} A process has requested access to an object, but has not been granted those access rights. (0xc0000022)
[0612/103534.858:ERROR:exception_snapshot_win.cc(98)] thread ID 15488 not found in process
[0612/103534.860:ERROR:process_reader_win.cc(151)] SuspendThread: Access is denied. (0x5)
[0612/103534.876:ERROR:process_reader_win.cc(151)] SuspendThread: Access is denied. (0x5)
[0612/103534.876:ERROR:process_reader_win.cc(151)] SuspendThread: Access is denied. (0x5)
[0612/103534.876:ERROR:process_reader_win.cc(151)] SuspendThread: Access is denied. (0x5)
[0612/103534.876:ERROR:process_reader_win.cc(151)] SuspendThread: Access is denied. (0x5)
[0612/103534.876:ERROR:process_reader_win.cc(151)] SuspendThread: Access is denied. (0x5)
[0612/103534.876:ERROR:process_reader_win.cc(151)] SuspendThread: Access is denied. (0x5)
[0612/103534.876:ERROR:process_reader_win.cc(123)] NtOpenThread: {Access Denied} A process has requested access to an object, but has not been granted those access rights. (0xc0000022)
[0612/103534.876:ERROR:exception_snapshot_win.cc(98)] thread ID 24844 not found in process
